Starting Selenium Grid
[jenkins] $ /usr/lib/jvm/java-1.8.0-openjdk-1.8.0.292.b10-1.el8_4.x86_64/jre/bin/java -cp /var/cache/jenkins/war/WEB-INF/lib/remoting-4.10.jar hudson.remoting.Launcher -cp /var/lib/jenkins/plugins/selenium/WEB-INF/lib/selenium-server-standalone-3.141.59.jar:/var/lib/jenkins/plugins/selenium/WEB-INF/lib/htmlunit-driver-standalone-2.33.3.jar -connectTo localhost:41781
Starting Selenium Grid
channel started
Jul 18, 2021 11:30:40 AM hudson.plugins.selenium.HubLauncher call
OFF: Grid hub starting with log level INFO
Jul 18, 2021 11:30:40 AM hudson.plugins.selenium.HubLauncher call
OFF: Grid Hub preparing to start on port 4444
2021-07-18 11:30:42.674:INFO::pool-1-thread-3 for channel id=0: Logging initialized @19691ms to org.seleniumhq.jetty9.util.log.StdErrLog
2021-07-18 11:30:42.928:INFO:osjs.Server:pool-1-thread-3 for channel id=0: jetty-9.4.z-SNAPSHOT; built: 2018-08-30T13:59:14.071Z; git: 27208684755d94a92186989f695db2d7b21ebc51; jvm 1.8.0_292-b10
2021-07-18 11:30:43.000:INFO:osjs.session:pool-1-thread-3 for channel id=0: DefaultSessionIdManager workerName=node0
2021-07-18 11:30:43.000:INFO:osjs.session:pool-1-thread-3 for channel id=0: No SessionScavenger set, using defaults
2021-07-18 11:30:43.002:INFO:osjs.session:pool-1-thread-3 for channel id=0: node0 Scavenging every 660000ms
2021-07-18 11:30:43.009:INFO:osjsh.ContextHandler:pool-1-thread-3 for channel id=0: Started o.s.j.s.ServletContextHandler@454300{/,null,AVAILABLE}
2021-07-18 11:30:43.023:INFO:osjs.AbstractConnector:pool-1-thread-3 for channel id=0: Stopped ServerConnector@403a060d{HTTP/1.1,[http/1.1]}{65.2.141.182:4444}
2021-07-18 11:30:43.023:INFO:osjs.session:pool-1-thread-3 for channel id=0: node0 Stopped scavenging
2021-07-18 11:30:43.024:INFO:osjsh.ContextHandler:pool-1-thread-3 for channel id=0: Stopped o.s.j.s.ServletContextHandler@454300{/,null,UNAVAILABLE}
Jul 18, 2021 11:30:43 AM org.openqa.grid.internal.DefaultGridRegistry assignRequestToProxy
INFO: Shutting down registry.
Jul 18, 2021 11:30:43 AM org.openqa.grid.web.Hub start
SEVERE: Port 4444 is busy, please choose a free port for the hub and specify it using -port option
Jul 18, 2021 11:30:43 AM hudson.plugins.selenium.HubLauncher call
OFF: Grid Hub started on port 4444 with args: -maxSession 5 -timeout 300 -browserTimeout 0 -host 65.2.141.182
